<?xml version="1.0" encoding="UTF-8"?>
<!-- Generated by org.testng.reporters.JUnitXMLReporter -->
<testsuite hostname="LAPTOP-LVGC4S3R" failures="4" tests="7" name="Bankingweb Test" time="61.809" errors="0" timestamp="6 May 2021 17:03:35 GMT">
  <testcase classname="com.inetBanking_testCases.TC_LoginTest_001" name="loginTest" time="5.836"/>
  <testcase classname="com.inetBanking_testCases.TC_LoginDDT_002" name="loginDDT" time="5.707"/>
  <testcase classname="com.inetBanking_testCases.TC_LoginDDT_002" name="loginDDT" time="2.816">
    <failure type="java.lang.AssertionError" message="expected [true] but found [false]">
      <![CDATA[java.lang.AssertionError: expected [true] but found [false]
	at com.inetBanking_testCases.TC_LoginDDT_002.loginDDT(TC_LoginDDT_002.java:31)
... Removed 28 stack frames]]>
    </failure>
  </testcase> <!-- loginDDT -->
  <testcase classname="com.inetBanking_testCases.TC_LoginDDT_002" name="loginDDT" time="2.568">
    <failure type="java.lang.AssertionError" message="expected [true] but found [false]">
      <![CDATA[java.lang.AssertionError: expected [true] but found [false]
	at com.inetBanking_testCases.TC_LoginDDT_002.loginDDT(TC_LoginDDT_002.java:31)
... Removed 28 stack frames]]>
    </failure>
  </testcase> <!-- loginDDT -->
  <testcase classname="com.inetBanking_testCases.TC_LoginDDT_002" name="loginDDT" time="3.124">
    <failure type="java.lang.AssertionError" message="expected [true] but found [false]">
      <![CDATA[java.lang.AssertionError: expected [true] but found [false]
	at com.inetBanking_testCases.TC_LoginDDT_002.loginDDT(TC_LoginDDT_002.java:31)
... Removed 28 stack frames]]>
    </failure>
  </testcase> <!-- loginDDT -->
  <testcase classname="com.inetBanking_testCases.TC_LoginDDT_002" name="loginDDT" time="3.346">
    <failure type="java.lang.AssertionError" message="expected [true] but found [false]">
      <![CDATA[java.lang.AssertionError: expected [true] but found [false]
	at com.inetBanking_testCases.TC_LoginDDT_002.loginDDT(TC_LoginDDT_002.java:31)
... Removed 28 stack frames]]>
    </failure>
  </testcase> <!-- loginDDT -->
  <testcase classname="com.inetBanking_testCases.TC_AddCustomerTest_003" name="addNewCustomer" time="13.991"/>
</testsuite> <!-- Bankingweb Test -->
