<?xml version="1.0" encoding="UTF-8"?>
<!-- Generated by org.testng.reporters.JUnitXMLReporter -->
<testsuite hostname="LAPTOP-LVGC4S3R" failures="0" tests="5" name="Default test" time="0.988" errors="0" timestamp="23 Apr 2021 12:41:10 GMT">
  <testcase classname="com.inetBanking_testCases.TC_LoginDDT_002" name="loginDDT" time="0.009"/>
  <testcase classname="com.inetBanking_testCases.TC_LoginDDT_002" name="loginDDT" time="0.001"/>
  <testcase classname="com.inetBanking_testCases.TC_LoginDDT_002" name="loginDDT" time="0.001"/>
  <testcase classname="com.inetBanking_testCases.TC_LoginDDT_002" name="loginDDT" time="0.001"/>
  <testcase classname="com.inetBanking_testCases.TC_LoginDDT_002" name="loginDDT" time="0.001"/>
</testsuite> <!-- Default test -->
