<?xml version="1.0" encoding="UTF-8"?>
<testng-results skipped="0" failed="0" total="1" passed="1">
  <reporter-output>
  </reporter-output>
  <suite name="inetBanking_v1" duration-ms="10258" started-at="2021-05-05T10:52:13Z" finished-at="2021-05-05T10:52:23Z">
    <groups>
    </groups>
    <test name="Bankingweb Test" duration-ms="10258" started-at="2021-05-05T10:52:13Z" finished-at="2021-05-05T10:52:23Z">
      <class name="com.inetBanking_testCases.TC_LoginTest_001">
        <test-method status="PASS" signature="setup(java.lang.String)[pri:0, instance:com.inetBanking_testCases.TC_LoginTest_001@36f0f1be]" name="setup" is-config="true" duration-ms="6094" started-at="2021-05-05T16:22:13Z" finished-at="2021-05-05T16:22:19Z">
          <params>
            <param index="0">
              <value>
                <![CDATA[chrome]]>
              </value>
            </param>
          </params>
          <reporter-output>
          </reporter-output>
        </test-method> <!-- setup -->
        <test-method status="PASS" signature="loginTest()[pri:0, instance:com.inetBanking_testCases.TC_LoginTest_001@36f0f1be]" name="loginTest" duration-ms="3158" started-at="2021-05-05T16:22:19Z" finished-at="2021-05-05T16:22:22Z">
          <reporter-output>
          </reporter-output>
        </test-method> <!-- loginTest -->
        <test-method status="PASS" signature="teardown()[pri:0, instance:com.inetBanking_testCases.TC_LoginTest_001@36f0f1be]" name="teardown" is-config="true" duration-ms="729" started-at="2021-05-05T16:22:22Z" finished-at="2021-05-05T16:22:23Z">
          <reporter-output>
          </reporter-output>
        </test-method> <!-- teardown -->
      </class> <!-- com.inetBanking_testCases.TC_LoginTest_001 -->
    </test> <!-- Bankingweb Test -->
  </suite> <!-- inetBanking_v1 -->
</testng-results>
