<?xml version="1.0" encoding="UTF-8"?>
<testng-results skipped="0" failed="0" total="1" passed="1">
  <reporter-output>
  </reporter-output>
  <suite name="inetBanking_v1" duration-ms="10688" started-at="2021-05-07T07:47:37Z" finished-at="2021-05-07T07:47:48Z">
    <groups>
    </groups>
    <test name="Bankingweb Test" duration-ms="10688" started-at="2021-05-07T07:47:37Z" finished-at="2021-05-07T07:47:48Z">
      <class name="com.inetBanking_testCases.TC_LoginTest_001">
        <test-method status="PASS" signature="setup()[pri:0, instance:com.inetBanking_testCases.TC_LoginTest_001@57d5872c]" name="setup" is-config="true" duration-ms="6726" started-at="2021-05-07T13:17:37Z" finished-at="2021-05-07T13:17:44Z">
          <reporter-output>
          </reporter-output>
        </test-method> <!-- setup -->
        <test-method status="PASS" signature="loginTest()[pri:0, instance:com.inetBanking_testCases.TC_LoginTest_001@57d5872c]" name="loginTest" duration-ms="3134" started-at="2021-05-07T13:17:44Z" finished-at="2021-05-07T13:17:47Z">
          <reporter-output>
          </reporter-output>
        </test-method> <!-- loginTest -->
        <test-method status="PASS" signature="teardown()[pri:0, instance:com.inetBanking_testCases.TC_LoginTest_001@57d5872c]" name="teardown" is-config="true" duration-ms="668" started-at="2021-05-07T13:17:47Z" finished-at="2021-05-07T13:17:48Z">
          <reporter-output>
          </reporter-output>
        </test-method> <!-- teardown -->
      </class> <!-- com.inetBanking_testCases.TC_LoginTest_001 -->
    </test> <!-- Bankingweb Test -->
  </suite> <!-- inetBanking_v1 -->
</testng-results>
