<?xml version="1.0" encoding="UTF-8"?>
<testng-results total="1" passed="1" failed="0" skipped="0">
  <reporter-output>
  </reporter-output>
  <suite started-at="2021-05-06T07:31:37Z" name="inetBanking_v1" finished-at="2021-05-06T07:32:21Z" duration-ms="44552">
    <groups>
    </groups>
    <test started-at="2021-05-06T07:31:37Z" name="Bankingweb Test" finished-at="2021-05-06T07:32:21Z" duration-ms="44552">
      <class name="com.inetBanking_testCases.TC_AddCustomerTest_003">
        <test-method is-config="true" signature="setup(java.lang.String)[pri:0, instance:com.inetBanking_testCases.TC_AddCustomerTest_003@609bcfb6]" started-at="2021-05-06T13:01:37Z" name="setup" finished-at="2021-05-06T13:01:47Z" duration-ms="10109" status="PASS">
          <params>
            <param index="0">
              <value>
                <![CDATA[chrome]]>
              </value>
            </param>
          </params>
          <reporter-output>
          </reporter-output>
        </test-method> <!-- setup -->
        <test-method signature="addNewCustomer()[pri:0, instance:com.inetBanking_testCases.TC_AddCustomerTest_003@609bcfb6]" started-at="2021-05-06T13:01:47Z" name="addNewCustomer" finished-at="2021-05-06T13:02:21Z" duration-ms="33188" status="PASS">
          <reporter-output>
          </reporter-output>
        </test-method> <!-- addNewCustomer -->
        <test-method is-config="true" signature="teardown()[pri:0, instance:com.inetBanking_testCases.TC_AddCustomerTest_003@609bcfb6]" started-at="2021-05-06T13:02:21Z" name="teardown" finished-at="2021-05-06T13:02:21Z" duration-ms="859" status="PASS">
          <reporter-output>
          </reporter-output>
        </test-method> <!-- teardown -->
      </class> <!-- com.inetBanking_testCases.TC_AddCustomerTest_003 -->
    </test> <!-- Bankingweb Test -->
  </suite> <!-- inetBanking_v1 -->
</testng-results>
